Using pre-set license
Built from '2020.3/release' branch; Version is '2020.3.12f1 (b3b2c6512326) revision 11776710'; Using compiler version '192528614'; Build Type 'Release'
OS: 'Windows 10 Home; OS build 19044.2251; Version 2009; 64bit' Language: 'en' Physical Memory: 16065 MB
BatchMode: 1, IsHumanControllingUs: 0, StartBugReporterOnCrash: 0, Is64bit: 1, IsPro: 0

 COMMAND LINE ARGUMENTS:
C:\Program Files\Unity\Hub\Editor\2020.3.12f1\Editor\Unity.exe
-adb2
-batchMode
-noUpm
-name
AssetImportWorker0
-projectPath
D:/Work/Manchester_University/Mahcester_Git/Manchester/Manchester_APK
-logFile
Logs/AssetImportWorker0.log
-srvPort
1871
Successfully changed project path to: D:/Work/Manchester_University/Mahcester_Git/Manchester/Manchester_APK
D:/Work/Manchester_University/Mahcester_Git/Manchester/Manchester_APK
Using Asset Import Pipeline V2.
Refreshing native plugins compatible for Editor in 70.80 ms, found 11 plugins.
Preloading 0 native plugins for Editor in 0.00 ms.
Initialize engine version: 2020.3.12f1 (b3b2c6512326)
[Subsystems] Discovering subsystems at path C:/Program Files/Unity/Hub/Editor/2020.3.12f1/Editor/Data/Resources/UnitySubsystems
[Subsystems] Discovering subsystems at path D:/Work/Manchester_University/Mahcester_Git/Manchester/Manchester_APK/Assets
GfxDevice: creating device client; threaded=0
Direct3D:
    Version:  Direct3D 11.0 [level 11.1]
    Renderer: NVIDIA GeForce GTX 1070 (ID=0x1ba1)
    Vendor:   
    VRAM:     8074 MB
    Driver:   31.0.15.2698
Initialize mono
Mono path[0] = 'C:/Program Files/Unity/Hub/Editor/2020.3.12f1/Editor/Data/Managed'
Mono path[1] = 'C:/Program Files/Unity/Hub/Editor/2020.3.12f1/Editor/Data/MonoBleedingEdge/lib/mono/unityjit'
Mono config path = 'C:/Program Files/Unity/Hub/Editor/2020.3.12f1/Editor/Data/MonoBleedingEdge/etc'
Using monoOptions --debugger-agent=transport=dt_socket,embedding=1,server=y,suspend=n,address=127.0.0.1:56644
Begin MonoManager ReloadAssembly
Registering precompiled unity dll's ...
Register platform support module: C:/Program Files/Unity/Hub/Editor/2020.3.12f1/Editor/Data/PlaybackEngines/WindowsStandaloneSupport/UnityEditor.WindowsStandalone.Extensions.dll
Registered in 0.003307 seconds.
Native extension for WindowsStandalone target not found
Refreshing native plugins compatible for Editor in 54.60 ms, found 11 plugins.
Preloading 0 native plugins for Editor in 0.00 ms.
Mono: successfully reloaded assembly
- Completed reload, in  1.462 seconds
Platform modules already initialized, skipping
Registering precompiled user dll's ...
Registered in 0.007751 seconds.
Begin MonoManager ReloadAssembly
Native extension for WindowsStandalone target not found
Refreshing native plugins compatible for Editor in 53.62 ms, found 11 plugins.
Preloading 0 native plugins for Editor in 0.00 ms.
Mono: successfully reloaded assembly
- Completed reload, in  1.406 seconds
Platform modules already initialized, skipping
========================================================================
Worker process is ready to serve import requests
Launched and connected shader compiler UnityShaderCompiler.exe after 0.05 seconds
Refreshing native plugins compatible for Editor in 0.81 ms, found 11 plugins.
Preloading 0 native plugins for Editor in 0.00 ms.
Unloading 2560 Unused Serialized files (Serialized files now loaded: 0)
System memory in use before: 105.1 MB.
System memory in use after: 105.3 MB.

Unloading 43 unused Assets to reduce memory usage. Loaded Objects now: 2977.
Total: 2.756100 ms (FindLiveObjects: 0.275900 ms CreateObjectMapping: 0.154400 ms MarkObjects: 2.234400 ms  DeleteObjects: 0.089800 ms)

AssetImportParameters requested are different than current active one (requested -> active):
  custom:framework-win-MediaFoundation: 216162199b28c13a410421893ffa2e32 -> 
  custom:video-decoder-ogg-theora: a1e56fd34408186e4bbccfd4996cb3dc -> 
  custom:container-muxer-webm: aa71ff27fc2769a1b78a27578f13a17b -> 
  custom:container-demuxer-webm: 4f35f7cbe854078d1ac9338744f61a02 -> 
  custom:container-demuxer-ogg: 62fdf1f143b41e24485cea50d1cbac27 -> 
  custom:video-encoder-webm-vp8: eb34c28f22e8b96e1ab97ce403110664 -> 
  custom:video-codec-MediaFoundation-h265: 746d11721c4dcdbdad8f713fa42b33f4 -> 
  custom:video-decoder-webm-vp8: 9c59270c3fd7afecdb556c50c9e8de78 -> 
  custom:audio-decoder-ogg-vorbis: bf7c407c2cedff20999df2af8eb42d56 -> 
  custom:audio-encoder-webm-vorbis: bf7c407c2cedff20999df2af8eb42d56 -> 
========================================================================
Received Import Request.
  path: Assets/Models/Lab.fbx
  artifactKey: Guid(b12678be6722e59478bf2396a3b5b0ec) Importer(815301076,1909f56bfc062723c751e8b465ee728b)
Start importing Assets/Models/Lab.fbx using Guid(b12678be6722e59478bf2396a3b5b0ec) Importer(815301076,1909f56bfc062723c751e8b465ee728b)  -> (artifact id: '4761662ca80c8d729bdd93cdb64bb52e') in 0.247370 seconds 
  Import took 0.271728 seconds .

========================================================================
Received Import Request.
  Time since last request: 32.742395 seconds.
  path: Assets/Models/Lab.fbx
  artifactKey: Guid(b12678be6722e59478bf2396a3b5b0ec) Importer(815301076,1909f56bfc062723c751e8b465ee728b)
Start importing Assets/Models/Lab.fbx using Guid(b12678be6722e59478bf2396a3b5b0ec) Importer(815301076,1909f56bfc062723c751e8b465ee728b)  -> (artifact id: '10728f450195c3adc46bea1da8d81e71') in 0.076148 seconds 
  Import took 0.081565 seconds .

========================================================================
Received Import Request.
  Time since last request: 8.283333 seconds.
  path: Assets/Models/Materials
  artifactKey: Guid(2899e7133c2ce30439967e2c2cf5fe06) Importer(815301076,1909f56bfc062723c751e8b465ee728b)
Start importing Assets/Models/Materials using Guid(2899e7133c2ce30439967e2c2cf5fe06) Importer(815301076,1909f56bfc062723c751e8b465ee728b)  -> (artifact id: '3f4f4b1dcfae4be9ef11f4d07e747eda') in 0.007431 seconds 
  Import took 0.012694 seconds .

========================================================================
Received Import Request.
  Time since last request: 0.039033 seconds.
  path: Assets/Models/Materials/Concrete.mat
  artifactKey: Guid(b7d7d15dd966b3e40bcab9620a934146) Importer(815301076,1909f56bfc062723c751e8b465ee728b)
Start importing Assets/Models/Materials/Concrete.mat using Guid(b7d7d15dd966b3e40bcab9620a934146) Importer(815301076,1909f56bfc062723c751e8b465ee728b)  -> (artifact id: 'd2a2a0e3f7660e074c118442f0bd79c3') in 0.025468 seconds 
  Import took 0.030828 seconds .

========================================================================
Received Import Request.
  Time since last request: 0.000227 seconds.
  path: Assets/Models/Materials/White_Paint.mat
  artifactKey: Guid(9fb8d98fbbb951a4d85e31a6ed4401fc) Importer(815301076,1909f56bfc062723c751e8b465ee728b)
Start importing Assets/Models/Materials/White_Paint.mat using Guid(9fb8d98fbbb951a4d85e31a6ed4401fc) Importer(815301076,1909f56bfc062723c751e8b465ee728b)  -> (artifact id: '5e0179f8b198b40f7303784f5563ef3a') in 0.020730 seconds 
  Import took 0.027051 seconds .

========================================================================
Received Import Request.
  Time since last request: 48.853227 seconds.
  path: Assets/Models/Lab.fbx
  artifactKey: Guid(b12678be6722e59478bf2396a3b5b0ec) Importer(815301076,1909f56bfc062723c751e8b465ee728b)
Start importing Assets/Models/Lab.fbx using Guid(b12678be6722e59478bf2396a3b5b0ec) Importer(815301076,1909f56bfc062723c751e8b465ee728b)  -> (artifact id: '63f408a4a7fb537ccf9a1f34261e1caa') in 0.066562 seconds 
  Import took 0.071430 seconds .

========================================================================
Received Import Request.
  Time since last request: 8.188821 seconds.
  path: Assets/Models/Lab.fbx
  artifactKey: Guid(b12678be6722e59478bf2396a3b5b0ec) Importer(815301076,1909f56bfc062723c751e8b465ee728b)
Start importing Assets/Models/Lab.fbx using Guid(b12678be6722e59478bf2396a3b5b0ec) Importer(815301076,1909f56bfc062723c751e8b465ee728b)  -> (artifact id: 'a8d49f66b2cbd7dff40333d114676e0b') in 0.068701 seconds 
  Import took 0.073557 seconds .

========================================================================
Received Import Request.
  Time since last request: 168.560619 seconds.
  path: Assets/Models/Lab.fbx
  artifactKey: Guid(b12678be6722e59478bf2396a3b5b0ec) Importer(815301076,1909f56bfc062723c751e8b465ee728b)
Start importing Assets/Models/Lab.fbx using Guid(b12678be6722e59478bf2396a3b5b0ec) Importer(815301076,1909f56bfc062723c751e8b465ee728b)  -> (artifact id: '15763e5fe750543191b89ef8acbe6b02') in 0.382580 seconds 
  Import took 0.388834 seconds .

========================================================================
Received Import Request.
  Time since last request: 129.491011 seconds.
  path: Assets/Models/Sink_Wall.fbx
  artifactKey: Guid(84fb35fa7a11582489822e64f659e140) Importer(815301076,1909f56bfc062723c751e8b465ee728b)
Start importing Assets/Models/Sink_Wall.fbx using Guid(84fb35fa7a11582489822e64f659e140) Importer(815301076,1909f56bfc062723c751e8b465ee728b)  -> (artifact id: '43a8ac3d00a0da33bd6565c256ce2f2a') in 0.029773 seconds 
  Import took 0.035814 seconds .

========================================================================
Received Import Request.
  Time since last request: 9.562231 seconds.
  path: Assets/Models/Sink_Wall.fbx
  artifactKey: Guid(84fb35fa7a11582489822e64f659e140) Importer(815301076,1909f56bfc062723c751e8b465ee728b)
Start importing Assets/Models/Sink_Wall.fbx using Guid(84fb35fa7a11582489822e64f659e140) Importer(815301076,1909f56bfc062723c751e8b465ee728b)  -> (artifact id: 'd30620977031a1d9af69a455f6000cfb') in 0.031251 seconds 
  Import took 0.035944 seconds .

========================================================================
Received Import Request.
  Time since last request: 6.475238 seconds.
  path: Assets/Models/Sink_Wall.fbx
  artifactKey: Guid(84fb35fa7a11582489822e64f659e140) Importer(815301076,1909f56bfc062723c751e8b465ee728b)
Start importing Assets/Models/Sink_Wall.fbx using Guid(84fb35fa7a11582489822e64f659e140) Importer(815301076,1909f56bfc062723c751e8b465ee728b)  -> (artifact id: '9957f816dfc32d8b7c4a726ed3c3e933') in 0.017481 seconds 
  Import took 0.023324 seconds .

========================================================================
Received Import Request.
  Time since last request: 176.689606 seconds.
  path: Assets/Models/Floor_Obstacle.fbx
  artifactKey: Guid(bb9664b66acf83e4caefb2da5f578224) Importer(815301076,1909f56bfc062723c751e8b465ee728b)
Start importing Assets/Models/Floor_Obstacle.fbx using Guid(bb9664b66acf83e4caefb2da5f578224) Importer(815301076,1909f56bfc062723c751e8b465ee728b)  -> (artifact id: '20cce482dc7a96edbfbe9d36b6a4c2d4') in 0.168605 seconds 
  Import took 0.174779 seconds .

========================================================================
Received Import Request.
  Time since last request: 5.915989 seconds.
  path: Assets/Models/Floor_Obstacle.fbx
  artifactKey: Guid(bb9664b66acf83e4caefb2da5f578224) Importer(815301076,1909f56bfc062723c751e8b465ee728b)
Start importing Assets/Models/Floor_Obstacle.fbx using Guid(bb9664b66acf83e4caefb2da5f578224) Importer(815301076,1909f56bfc062723c751e8b465ee728b)  -> (artifact id: '2908f867fdf2dcaa5958442230866cb9') in 0.169034 seconds 
  Import took 0.190603 seconds .

========================================================================
Received Import Request.
  Time since last request: 8.006574 seconds.
  path: Assets/Models/Floor_Obstacle.fbx
  artifactKey: Guid(bb9664b66acf83e4caefb2da5f578224) Importer(815301076,1909f56bfc062723c751e8b465ee728b)
Start importing Assets/Models/Floor_Obstacle.fbx using Guid(bb9664b66acf83e4caefb2da5f578224) Importer(815301076,1909f56bfc062723c751e8b465ee728b)  -> (artifact id: '70134baf7b09517bf352d372631a77de') in 0.135053 seconds 
  Import took 0.140439 seconds .

========================================================================
Received Import Request.
  Time since last request: 133.683218 seconds.
  path: Assets/Models/Sink.fbx
  artifactKey: Guid(b57274ec9057fcf47b66b7508360b966) Importer(815301076,1909f56bfc062723c751e8b465ee728b)
Start importing Assets/Models/Sink.fbx using Guid(b57274ec9057fcf47b66b7508360b966) Importer(815301076,1909f56bfc062723c751e8b465ee728b)  -> (artifact id: 'e8ca24986f7ad17e7f4d1f1087f2f10b') in 0.104798 seconds 
  Import took 0.111809 seconds .

========================================================================
Received Import Request.
  Time since last request: 6.692530 seconds.
  path: Assets/Models/Sink.fbx
  artifactKey: Guid(b57274ec9057fcf47b66b7508360b966) Importer(815301076,1909f56bfc062723c751e8b465ee728b)
Start importing Assets/Models/Sink.fbx using Guid(b57274ec9057fcf47b66b7508360b966) Importer(815301076,1909f56bfc062723c751e8b465ee728b)  -> (artifact id: '0652431f1ffdb2f3fa3167b9b0bc1538') in 0.139921 seconds 
  Import took 0.145706 seconds .

========================================================================
Received Import Request.
  Time since last request: 3.596853 seconds.
  path: Assets/Models/Sink.fbx
  artifactKey: Guid(b57274ec9057fcf47b66b7508360b966) Importer(815301076,1909f56bfc062723c751e8b465ee728b)
Start importing Assets/Models/Sink.fbx using Guid(b57274ec9057fcf47b66b7508360b966) Importer(815301076,1909f56bfc062723c751e8b465ee728b)  -> (artifact id: '21d28501825bfbb80759157e1cd198f9') in 0.124836 seconds 
  Import took 0.149988 seconds .

========================================================================
Received Import Request.
  Time since last request: 155.236807 seconds.
  path: Assets/Models/Skin_Safety_Centre.fbx
  artifactKey: Guid(f7d608fff8739384a9adfabf224bd571) Importer(815301076,1909f56bfc062723c751e8b465ee728b)
Start importing Assets/Models/Skin_Safety_Centre.fbx using Guid(f7d608fff8739384a9adfabf224bd571) Importer(815301076,1909f56bfc062723c751e8b465ee728b)  -> (artifact id: '52119f84e07f921aa582416ef3114979') in 0.025293 seconds 
  Import took 0.033604 seconds .

========================================================================
Received Import Request.
  Time since last request: 6.257485 seconds.
  path: Assets/Models/Skin_Safety_Centre.fbx
  artifactKey: Guid(f7d608fff8739384a9adfabf224bd571) Importer(815301076,1909f56bfc062723c751e8b465ee728b)
Start importing Assets/Models/Skin_Safety_Centre.fbx using Guid(f7d608fff8739384a9adfabf224bd571) Importer(815301076,1909f56bfc062723c751e8b465ee728b)  -> (artifact id: 'ac974dd110a18d584b3e3d07e98e0894') in 0.019668 seconds 
  Import took 1.964479 seconds .

========================================================================
Received Import Request.
  Time since last request: 28.916271 seconds.
  path: Assets/Models/Skin_Safety_Centre.fbx
  artifactKey: Guid(f7d608fff8739384a9adfabf224bd571) Importer(815301076,1909f56bfc062723c751e8b465ee728b)
Start importing Assets/Models/Skin_Safety_Centre.fbx using Guid(f7d608fff8739384a9adfabf224bd571) Importer(815301076,1909f56bfc062723c751e8b465ee728b)  -> (artifact id: '7a71e6639f083318095bb218d4faff7f') in 0.028214 seconds 
  Import took 0.034116 seconds .

AssetImportWorkerClient::OnTransportError - code=2 error=End of file
