Using pre-set license
Built from '2020.3/release' branch; Version is '2020.3.12f1 (b3b2c6512326) revision 11776710'; Using compiler version '192528614'; Build Type 'Release'
OS: 'Windows 10 Home; OS build 19044.2251; Version 2009; 64bit' Language: 'en' Physical Memory: 16065 MB
BatchMode: 1, IsHumanControllingUs: 0, StartBugReporterOnCrash: 0, Is64bit: 1, IsPro: 0

 COMMAND LINE ARGUMENTS:
C:\Program Files\Unity\Hub\Editor\2020.3.12f1\Editor\Unity.exe
-adb2
-batchMode
-noUpm
-name
AssetImportWorker0
-projectPath
D:/Work/Manchester_University/Mahcester_Git/Manchester/Manchester_APK
-logFile
Logs/AssetImportWorker0.log
-srvPort
14541
Successfully changed project path to: D:/Work/Manchester_University/Mahcester_Git/Manchester/Manchester_APK
D:/Work/Manchester_University/Mahcester_Git/Manchester/Manchester_APK
Using Asset Import Pipeline V2.
Refreshing native plugins compatible for Editor in 85.68 ms, found 11 plugins.
Preloading 0 native plugins for Editor in 0.00 ms.
Initialize engine version: 2020.3.12f1 (b3b2c6512326)
[Subsystems] Discovering subsystems at path C:/Program Files/Unity/Hub/Editor/2020.3.12f1/Editor/Data/Resources/UnitySubsystems
[Subsystems] Discovering subsystems at path D:/Work/Manchester_University/Mahcester_Git/Manchester/Manchester_APK/Assets
GfxDevice: creating device client; threaded=0
Direct3D:
    Version:  Direct3D 11.0 [level 11.1]
    Renderer: NVIDIA GeForce GTX 1070 (ID=0x1ba1)
    Vendor:   
    VRAM:     8074 MB
    Driver:   31.0.15.2698
Initialize mono
Mono path[0] = 'C:/Program Files/Unity/Hub/Editor/2020.3.12f1/Editor/Data/Managed'
Mono path[1] = 'C:/Program Files/Unity/Hub/Editor/2020.3.12f1/Editor/Data/MonoBleedingEdge/lib/mono/unityjit'
Mono config path = 'C:/Program Files/Unity/Hub/Editor/2020.3.12f1/Editor/Data/MonoBleedingEdge/etc'
Using monoOptions --debugger-agent=transport=dt_socket,embedding=1,server=y,suspend=n,address=127.0.0.1:56452
Begin MonoManager ReloadAssembly
Registering precompiled unity dll's ...
Register platform support module: C:/Program Files/Unity/Hub/Editor/2020.3.12f1/Editor/Data/PlaybackEngines/WindowsStandaloneSupport/UnityEditor.WindowsStandalone.Extensions.dll
Registered in 0.003845 seconds.
Native extension for WindowsStandalone target not found
Refreshing native plugins compatible for Editor in 71.76 ms, found 11 plugins.
Preloading 0 native plugins for Editor in 0.00 ms.
Mono: successfully reloaded assembly
- Completed reload, in  1.679 seconds
Platform modules already initialized, skipping
Registering precompiled user dll's ...
Registered in 0.007492 seconds.
Begin MonoManager ReloadAssembly
Native extension for WindowsStandalone target not found
Refreshing native plugins compatible for Editor in 75.62 ms, found 11 plugins.
Preloading 0 native plugins for Editor in 0.00 ms.
Mono: successfully reloaded assembly
- Completed reload, in  1.701 seconds
Platform modules already initialized, skipping
========================================================================
Worker process is ready to serve import requests
Launched and connected shader compiler UnityShaderCompiler.exe after 0.06 seconds
Refreshing native plugins compatible for Editor in 0.86 ms, found 11 plugins.
Preloading 0 native plugins for Editor in 0.00 ms.
Unloading 2573 Unused Serialized files (Serialized files now loaded: 0)
System memory in use before: 107.3 MB.
System memory in use after: 107.5 MB.

Unloading 43 unused Assets to reduce memory usage. Loaded Objects now: 2990.
Total: 3.031000 ms (FindLiveObjects: 0.304900 ms CreateObjectMapping: 0.150800 ms MarkObjects: 2.448300 ms  DeleteObjects: 0.125800 ms)

AssetImportParameters requested are different than current active one (requested -> active):
  custom:framework-win-MediaFoundation: 216162199b28c13a410421893ffa2e32 -> 
  custom:video-decoder-ogg-theora: a1e56fd34408186e4bbccfd4996cb3dc -> 
  custom:container-muxer-webm: aa71ff27fc2769a1b78a27578f13a17b -> 
  custom:container-demuxer-webm: 4f35f7cbe854078d1ac9338744f61a02 -> 
  custom:container-demuxer-ogg: 62fdf1f143b41e24485cea50d1cbac27 -> 
  custom:video-encoder-webm-vp8: eb34c28f22e8b96e1ab97ce403110664 -> 
  custom:video-codec-MediaFoundation-h265: 746d11721c4dcdbdad8f713fa42b33f4 -> 
  custom:video-decoder-webm-vp8: 9c59270c3fd7afecdb556c50c9e8de78 -> 
  custom:audio-decoder-ogg-vorbis: bf7c407c2cedff20999df2af8eb42d56 -> 
  custom:audio-encoder-webm-vorbis: bf7c407c2cedff20999df2af8eb42d56 -> 
========================================================================
Received Import Request.
  path: Assets/Models/Remote_Control.fbx
  artifactKey: Guid(8992110e4443c7d4da583ae09f7d6cf7) Importer(815301076,1909f56bfc062723c751e8b465ee728b)
Start importing Assets/Models/Remote_Control.fbx using Guid(8992110e4443c7d4da583ae09f7d6cf7) Importer(815301076,1909f56bfc062723c751e8b465ee728b)  -> (artifact id: '2434dfc71c9d8fccb1b1c844cf6ac011') in 0.235356 seconds 
  Import took 0.242042 seconds .

========================================================================
Received Import Request.
  Time since last request: 0.000294 seconds.
  path: Assets/Models/Crane_Top.fbx
  artifactKey: Guid(308d754f842d73d448a79928c3840800) Importer(815301076,1909f56bfc062723c751e8b465ee728b)
Start importing Assets/Models/Crane_Top.fbx using Guid(308d754f842d73d448a79928c3840800) Importer(815301076,1909f56bfc062723c751e8b465ee728b)  -> (artifact id: 'd988113490a6721fdc0ac0719950566f') in 0.035150 seconds 
  Import took 0.040336 seconds .

========================================================================
Received Import Request.
  Time since last request: 0.000233 seconds.
  path: Assets/Models/Hook_Group.fbx
  artifactKey: Guid(f5a1ae038680dc84c863f78c0f2f1a42) Importer(815301076,1909f56bfc062723c751e8b465ee728b)
Start importing Assets/Models/Hook_Group.fbx using Guid(f5a1ae038680dc84c863f78c0f2f1a42) Importer(815301076,1909f56bfc062723c751e8b465ee728b)  -> (artifact id: '865d6086771ce80395e99a5cdb4b2a92') in 0.035759 seconds 
  Import took 0.040814 seconds .

========================================================================
Received Import Request.
  Time since last request: 0.000240 seconds.
  path: Assets/Models/Crane_Pole.fbx
  artifactKey: Guid(9344ea16cffface4cb588f56a1004e03) Importer(815301076,1909f56bfc062723c751e8b465ee728b)
Start importing Assets/Models/Crane_Pole.fbx using Guid(9344ea16cffface4cb588f56a1004e03) Importer(815301076,1909f56bfc062723c751e8b465ee728b)  -> (artifact id: 'bb109ec15b7f67afa374090be938eb36') in 0.026789 seconds 
  Import took 0.031315 seconds .

========================================================================
Received Import Request.
  Time since last request: 0.000316 seconds.
  path: Assets/Models/Crane.fbx
  artifactKey: Guid(c39e6b2acb5bf6c4cba2f1004869ab4d) Importer(815301076,1909f56bfc062723c751e8b465ee728b)
Start importing Assets/Models/Crane.fbx using Guid(c39e6b2acb5bf6c4cba2f1004869ab4d) Importer(815301076,1909f56bfc062723c751e8b465ee728b)  -> (artifact id: '75af9ea0b6c03704b83863669ec13af5') in 0.053595 seconds 
  Import took 0.057984 seconds .

========================================================================
Received Import Request.
  Time since last request: 75.743838 seconds.
  path: Assets/Models/Remote_Control.fbx
  artifactKey: Guid(8992110e4443c7d4da583ae09f7d6cf7) Importer(815301076,1909f56bfc062723c751e8b465ee728b)
Start importing Assets/Models/Remote_Control.fbx using Guid(8992110e4443c7d4da583ae09f7d6cf7) Importer(815301076,1909f56bfc062723c751e8b465ee728b)  -> (artifact id: 'b2827574491794c0e494d8fe9f0c3a2b') in 0.050202 seconds 
  Import took 0.366138 seconds .

========================================================================
Received Import Request.
  Time since last request: 6.306045 seconds.
  path: Assets/Models/Hook_Group.fbx
  artifactKey: Guid(f5a1ae038680dc84c863f78c0f2f1a42) Importer(815301076,1909f56bfc062723c751e8b465ee728b)
Start importing Assets/Models/Hook_Group.fbx using Guid(f5a1ae038680dc84c863f78c0f2f1a42) Importer(815301076,1909f56bfc062723c751e8b465ee728b)  -> (artifact id: 'adf8763669e20148fc1a976177e34465') in 0.044366 seconds 
  Import took 0.050860 seconds .

========================================================================
Received Import Request.
  Time since last request: 5.828882 seconds.
  path: Assets/Models/Crane_Top.fbx
  artifactKey: Guid(308d754f842d73d448a79928c3840800) Importer(815301076,1909f56bfc062723c751e8b465ee728b)
Start importing Assets/Models/Crane_Top.fbx using Guid(308d754f842d73d448a79928c3840800) Importer(815301076,1909f56bfc062723c751e8b465ee728b)  -> (artifact id: 'bfa2def1df80e3454ac1c7d9b2a65f7c') in 0.040672 seconds 
  Import took 0.045906 seconds .

========================================================================
Received Import Request.
  Time since last request: 4.503767 seconds.
  path: Assets/Models/Crane_Pole.fbx
  artifactKey: Guid(9344ea16cffface4cb588f56a1004e03) Importer(815301076,1909f56bfc062723c751e8b465ee728b)
Start importing Assets/Models/Crane_Pole.fbx using Guid(9344ea16cffface4cb588f56a1004e03) Importer(815301076,1909f56bfc062723c751e8b465ee728b)  -> (artifact id: '5cc118c4be5c364522f9673707948618') in 0.034294 seconds 
  Import took 0.056010 seconds .

========================================================================
Received Import Request.
  Time since last request: 3.552980 seconds.
  path: Assets/Models/Crane.fbx
  artifactKey: Guid(c39e6b2acb5bf6c4cba2f1004869ab4d) Importer(815301076,1909f56bfc062723c751e8b465ee728b)
Start importing Assets/Models/Crane.fbx using Guid(c39e6b2acb5bf6c4cba2f1004869ab4d) Importer(815301076,1909f56bfc062723c751e8b465ee728b)  -> (artifact id: '7d8326af7d21f1e79470513195b27885') in 0.057772 seconds 
  Import took 0.081974 seconds .

AssetImportWorkerClient::OnTransportError - code=2 error=End of file
